<?xml version="1.0" encoding="utf-8"?>
<?AutomationStudio Version="4.5.2.102"?>
<Objects>
  <Object
    Path="C:\Users\PC\Desktop\PIL_PLC\GIT\JS\Logical\Package.pkg"
    LogicalPath=""
    Type="Package.ParentUnknown"
    LastWriteTime="132984572656815880" />
  <Object
    Path="C:\Users\PC\Desktop\PIL_PLC\GIT\JS\Logical\Libraries\Package.pkg"
    LogicalPath="Libraries"
    Type="Package"
    LastWriteTime="132935322154319660" />
  <Object
    Path="C:\Users\PC\Desktop\PIL_PLC\GIT\JS\Logical\Libraries\operator\binary.lby"
    LogicalPath="Libraries.operator"
    Type="Library"
    LastWriteTime="132924882034871898" />
  <Object
    Path="C:\Users\PC\Desktop\PIL_PLC\GIT\JS\Logical\Libraries\operator\operator.fun"
    LogicalPath="Libraries.operator.operator.fun"
    Type="File"
    LastWriteTime="132924882034801881"
    Private="false" />
  <Object
    Path="C:\Users\PC\Desktop\PIL_PLC\GIT\JS\Logical\Libraries\operator\operator.typ"
    LogicalPath="Libraries.operator.operator.typ"
    Type="File"
    LastWriteTime="132924882034831891"
    Private="false" />
  <Object
    Path="C:\Users\PC\Desktop\PIL_PLC\GIT\JS\Logical\Libraries\operator\operator.var"
    LogicalPath="Libraries.operator.operator.var"
    Type="File"
    LastWriteTime="132924882034861899"
    Private="false" />
  <Object
    Path="C:\Users\PC\Desktop\PIL_PLC\GIT\JS\Logical\Libraries\runtime\binary.lby"
    LogicalPath="Libraries.runtime"
    Type="Library"
    LastWriteTime="132924882039182726" />
  <Object
    Path="C:\Users\PC\Desktop\PIL_PLC\GIT\JS\Logical\Libraries\runtime\runtime.fun"
    LogicalPath="Libraries.runtime.runtime.fun"
    Type="File"
    LastWriteTime="132924882039102701"
    Private="false" />
  <Object
    Path="C:\Users\PC\Desktop\PIL_PLC\GIT\JS\Logical\Libraries\runtime\runtime.typ"
    LogicalPath="Libraries.runtime.runtime.typ"
    Type="File"
    LastWriteTime="132924882039132708"
    Private="false" />
  <Object
    Path="C:\Users\PC\Desktop\PIL_PLC\GIT\JS\Logical\Libraries\runtime\runtime.var"
    LogicalPath="Libraries.runtime.runtime.var"
    Type="File"
    LastWriteTime="132924882039172715"
    Private="false" />
  <Object
    Path="C:\Users\PC\Desktop\PIL_PLC\GIT\JS\Logical\Libraries\astime\binary.lby"
    LogicalPath="Libraries.astime"
    Type="Library"
    LastWriteTime="132924882043183645" />
  <Object
    Path="C:\Users\PC\Desktop\PIL_PLC\GIT\JS\Logical\Libraries\astime\astime.fun"
    LogicalPath="Libraries.astime.astime.fun"
    Type="File"
    LastWriteTime="132924882043113629"
    Private="false" />
  <Object
    Path="C:\Users\PC\Desktop\PIL_PLC\GIT\JS\Logical\Libraries\astime\astime.typ"
    LogicalPath="Libraries.astime.astime.typ"
    Type="File"
    LastWriteTime="132924882043143629"
    Private="false" />
  <Object
    Path="C:\Users\PC\Desktop\PIL_PLC\GIT\JS\Logical\Libraries\astime\astime.var"
    LogicalPath="Libraries.astime.astime.var"
    Type="File"
    LastWriteTime="132924882043173642"
    Private="false" />
  <Object
    Path="C:\Users\PC\Desktop\PIL_PLC\GIT\JS\Logical\Libraries\AsIecCon\binary.lby"
    LogicalPath="Libraries.AsIecCon"
    Type="Library"
    LastWriteTime="132924882047284541" />
  <Object
    Path="C:\Users\PC\Desktop\PIL_PLC\GIT\JS\Logical\Libraries\AsIecCon\AsIecCon.fun"
    LogicalPath="Libraries.AsIecCon.AsIecCon.fun"
    Type="File"
    LastWriteTime="132924882047214514"
    Private="false" />
  <Object
    Path="C:\Users\PC\Desktop\PIL_PLC\GIT\JS\Logical\Libraries\AsIecCon\AsIecCon.typ"
    LogicalPath="Libraries.AsIecCon.AsIecCon.typ"
    Type="File"
    LastWriteTime="132924882047244520"
    Private="false" />
  <Object
    Path="C:\Users\PC\Desktop\PIL_PLC\GIT\JS\Logical\Libraries\AsIecCon\AsIecCon.var"
    LogicalPath="Libraries.AsIecCon.AsIecCon.var"
    Type="File"
    LastWriteTime="132924882047274531"
    Private="false" />
  <Object
    Path="C:\Users\PC\Desktop\PIL_PLC\GIT\JS\Logical\Libraries\brsystem\binary.lby"
    LogicalPath="Libraries.brsystem"
    Type="Library"
    LastWriteTime="132924888037500359" />
  <Object
    Path="C:\Users\PC\Desktop\PIL_PLC\GIT\JS\Logical\Libraries\brsystem\brsystem.fun"
    LogicalPath="Libraries.brsystem.brsystem.fun"
    Type="File"
    LastWriteTime="132924888037420351"
    Private="false" />
  <Object
    Path="C:\Users\PC\Desktop\PIL_PLC\GIT\JS\Logical\Libraries\brsystem\brsystem.typ"
    LogicalPath="Libraries.brsystem.brsystem.typ"
    Type="File"
    LastWriteTime="132924888037440357"
    Private="false" />
  <Object
    Path="C:\Users\PC\Desktop\PIL_PLC\GIT\JS\Logical\Libraries\brsystem\brsystem.var"
    LogicalPath="Libraries.brsystem.brsystem.var"
    Type="File"
    LastWriteTime="132924888037490369"
    Private="false" />
  <Object
    Path="C:\Users\PC\Desktop\PIL_PLC\GIT\JS\Logical\Libraries\sys_lib\binary.lby"
    LogicalPath="Libraries.sys_lib"
    Type="Library"
    LastWriteTime="132924888266191848" />
  <Object
    Path="C:\Users\PC\Desktop\PIL_PLC\GIT\JS\Logical\Libraries\sys_lib\sys_lib.fun"
    LogicalPath="Libraries.sys_lib.sys_lib.fun"
    Type="File"
    LastWriteTime="132924888266074881"
    Private="false" />
  <Object
    Path="C:\Users\PC\Desktop\PIL_PLC\GIT\JS\Logical\Libraries\sys_lib\sys_lib.typ"
    LogicalPath="Libraries.sys_lib.sys_lib.typ"
    Type="File"
    LastWriteTime="132924888266131837"
    Private="false" />
  <Object
    Path="C:\Users\PC\Desktop\PIL_PLC\GIT\JS\Logical\Libraries\sys_lib\sys_lib.var"
    LogicalPath="Libraries.sys_lib.sys_lib.var"
    Type="File"
    LastWriteTime="132924888266191848"
    Private="false" />
  <Object
    Path="C:\Users\PC\Desktop\PIL_PLC\GIT\JS\Logical\Libraries\AsArLog\binary.lby"
    LogicalPath="Libraries.AsArLog"
    Type="Library"
    LastWriteTime="131885244040000000" />
  <Object
    Path="C:\Users\PC\Desktop\PIL_PLC\GIT\JS\Logical\Libraries\AsArLog\AsArLog.fun"
    LogicalPath="Libraries.AsArLog.AsArLog.fun"
    Type="File"
    LastWriteTime="131885243560000000"
    Private="false" />
  <Object
    Path="C:\Users\PC\Desktop\PIL_PLC\GIT\JS\Logical\Libraries\AsArLog\AsArLog.typ"
    LogicalPath="Libraries.AsArLog.AsArLog.typ"
    Type="File"
    LastWriteTime="131885243720000000"
    Private="false" />
  <Object
    Path="C:\Users\PC\Desktop\PIL_PLC\GIT\JS\Logical\Libraries\AsArLog\AsArLog.var"
    LogicalPath="Libraries.AsArLog.AsArLog.var"
    Type="File"
    LastWriteTime="131885243880000000"
    Private="false" />
  <Object
    Path="C:\Users\PC\Desktop\PIL_PLC\GIT\JS\Logical\Libraries\AsTCP\binary.lby"
    LogicalPath="Libraries.AsTCP"
    Type="Library"
    LastWriteTime="131885244140000000" />
  <Object
    Path="C:\Users\PC\Desktop\PIL_PLC\GIT\JS\Logical\Libraries\AsTCP\AsTCP.fun"
    LogicalPath="Libraries.AsTCP.AsTCP.fun"
    Type="File"
    LastWriteTime="131885243660000000"
    Private="false" />
  <Object
    Path="C:\Users\PC\Desktop\PIL_PLC\GIT\JS\Logical\Libraries\AsTCP\AsTCP.typ"
    LogicalPath="Libraries.AsTCP.AsTCP.typ"
    Type="File"
    LastWriteTime="131885243800000000"
    Private="false" />
  <Object
    Path="C:\Users\PC\Desktop\PIL_PLC\GIT\JS\Logical\Libraries\AsTCP\AsTCP.var"
    LogicalPath="Libraries.AsTCP.AsTCP.var"
    Type="File"
    LastWriteTime="131885243960000000"
    Private="false" />
  <Object
    Path="C:\Users\PC\Desktop\PIL_PLC\GIT\JS\Logical\Libraries\pctr_fun\ANSIC.lby"
    LogicalPath="Libraries.pctr_fun"
    Type="Library"
    LastWriteTime="132935322300106978" />
  <Object
    Path="C:\Users\PC\Desktop\PIL_PLC\GIT\JS\Logical\Libraries\pctr_fun\lib_properties.txt"
    LogicalPath="Libraries.pctr_fun.lib_properties.txt"
    Type="File"
    LastWriteTime="132935322153819551"
    Private="false" />
  <Object
    Path="C:\Users\PC\Desktop\PIL_PLC\GIT\JS\Logical\Libraries\pctr_fun\pctrFub.c"
    LogicalPath="Libraries.pctr_fun.pctrFub.c"
    Type="File"
    LastWriteTime="132935322153839556"
    Private="false" />
  <Object
    Path="C:\Users\PC\Desktop\PIL_PLC\GIT\JS\Logical\Libraries\pctr_fun\pctr_fun.fun"
    LogicalPath="Libraries.pctr_fun.pctr_fun.fun"
    Type="File"
    LastWriteTime="132935322300096978"
    Private="false" />
  <Object
    Path="C:\Users\PC\Desktop\PIL_PLC\GIT\JS\Logical\Libraries\pctr_fun\pctr_fun.typ"
    LogicalPath="Libraries.pctr_fun.pctr_fun.typ"
    Type="File"
    LastWriteTime="132935322153859564"
    Private="false" />
  <Object
    Path="C:\Users\PC\Desktop\PIL_PLC\GIT\JS\Logical\Libraries\pctr_fun\pctr_fun.var"
    LogicalPath="Libraries.pctr_fun.pctr_fun.var"
    Type="File"
    LastWriteTime="132935322153869563"
    Private="false" />
  <Object
    Path="C:\Users\PC\Desktop\PIL_PLC\GIT\JS\Logical\Libraries\pctr_fun\pend_ctrl_fun.c"
    LogicalPath="Libraries.pctr_fun.pend_ctrl_fun.c"
    Type="File"
    LastWriteTime="132935322153899570"
    Private="false" />
  <Object
    Path="C:\Users\PC\Desktop\PIL_PLC\GIT\JS\Logical\Libraries\pctr_fun\pend_ctrl_fun.h"
    LogicalPath="Libraries.pctr_fun.pend_ctrl_fun.h"
    Type="File"
    LastWriteTime="132935322153919575"
    Private="false" />
  <Object
    Path="C:\Users\PC\Desktop\PIL_PLC\GIT\JS\Logical\Libraries\pctr_fun\pend_ctrl_fun_private.h"
    LogicalPath="Libraries.pctr_fun.pend_ctrl_fun_private.h"
    Type="File"
    LastWriteTime="132935322153939579"
    Private="false" />
  <Object
    Path="C:\Users\PC\Desktop\PIL_PLC\GIT\JS\Logical\Libraries\pctr_fun\pend_ctrl_fun_types.h"
    LogicalPath="Libraries.pctr_fun.pend_ctrl_fun_types.h"
    Type="File"
    LastWriteTime="132935322153959582"
    Private="false" />
  <Object
    Path="C:\Users\PC\Desktop\PIL_PLC\GIT\JS\Logical\Libraries\pctr_fun\rt_defines.h"
    LogicalPath="Libraries.pctr_fun.rt_defines.h"
    Type="File"
    LastWriteTime="132935322153979590"
    Private="false" />
  <Object
    Path="C:\Users\PC\Desktop\PIL_PLC\GIT\JS\Logical\Libraries\pctr_fun\rtwtypes.h"
    LogicalPath="Libraries.pctr_fun.rtwtypes.h"
    Type="File"
    LastWriteTime="132935322153999592"
    Private="false" />
  <Object
    Path="C:\Users\PC\Desktop\PIL_PLC\GIT\JS\Logical\MATLAB_includes\package.pkg"
    LogicalPath="MATLAB_includes"
    Type="Package"
    LastWriteTime="132984571155504045" />
  <Object
    Path="C:\Users\PC\Desktop\PIL_PLC\GIT\JS\Logical\MATLAB_includes\R2019b\package.pkg"
    LogicalPath="MATLAB_includes.R2019b"
    Type="Package"
    LastWriteTime="132984571155834119" />
  <Object
    Path="C:\Users\PC\Desktop\PIL_PLC\GIT\JS\Logical\MATLAB_includes\R2019b\MatlabDataArray.hpp"
    LogicalPath="MATLAB_includes.R2019b.MatlabDataArray.hpp"
    Type="File"
    LastWriteTime="132174985040000000"
    Private="false" />
  <Object
    Path="C:\Users\PC\Desktop\PIL_PLC\GIT\JS\Logical\MATLAB_includes\R2019b\MatlabEngine.hpp"
    LogicalPath="MATLAB_includes.R2019b.MatlabEngine.hpp"
    Type="File"
    LastWriteTime="132174985040000000"
    Private="false" />
  <Object
    Path="C:\Users\PC\Desktop\PIL_PLC\GIT\JS\Logical\MATLAB_includes\R2019b\bio_sig.h"
    LogicalPath="MATLAB_includes.R2019b.bio_sig.h"
    Type="File"
    LastWriteTime="132174985040000000"
    Private="false" />
  <Object
    Path="C:\Users\PC\Desktop\PIL_PLC\GIT\JS\Logical\MATLAB_includes\R2019b\blas.h"
    LogicalPath="MATLAB_includes.R2019b.blas.h"
    Type="File"
    LastWriteTime="132174985040000000"
    Private="false" />
  <Object
    Path="C:\Users\PC\Desktop\PIL_PLC\GIT\JS\Logical\MATLAB_includes\R2019b\blascompat32.h"
    LogicalPath="MATLAB_includes.R2019b.blascompat32.h"
    Type="File"
    LastWriteTime="132174985040000000"
    Private="false" />
  <Object
    Path="C:\Users\PC\Desktop\PIL_PLC\GIT\JS\Logical\MATLAB_includes\R2019b\cg_matrx.h"
    LogicalPath="MATLAB_includes.R2019b.cg_matrx.h"
    Type="File"
    LastWriteTime="132174985040000000"
    Private="false" />
  <Object
    Path="C:\Users\PC\Desktop\PIL_PLC\GIT\JS\Logical\MATLAB_includes\R2019b\cg_sfun.h"
    LogicalPath="MATLAB_includes.R2019b.cg_sfun.h"
    Type="File"
    LastWriteTime="132174985040000000"
    Private="false" />
  <Object
    Path="C:\Users\PC\Desktop\PIL_PLC\GIT\JS\Logical\MATLAB_includes\R2019b\cgxert.h"
    LogicalPath="MATLAB_includes.R2019b.cgxert.h"
    Type="File"
    LastWriteTime="132174985040000000"
    Private="false" />
  <Object
    Path="C:\Users\PC\Desktop\PIL_PLC\GIT\JS\Logical\MATLAB_includes\R2019b\covrt.h"
    LogicalPath="MATLAB_includes.R2019b.covrt.h"
    Type="File"
    LastWriteTime="132174985040000000"
    Private="false" />
  <Object
    Path="C:\Users\PC\Desktop\PIL_PLC\GIT\JS\Logical\MATLAB_includes\R2019b\dt_info.h"
    LogicalPath="MATLAB_includes.R2019b.dt_info.h"
    Type="File"
    LastWriteTime="132174985040000000"
    Private="false" />
  <Object
    Path="C:\Users\PC\Desktop\PIL_PLC\GIT\JS\Logical\MATLAB_includes\R2019b\emlrt.h"
    LogicalPath="MATLAB_includes.R2019b.emlrt.h"
    Type="File"
    LastWriteTime="132174985040000000"
    Private="false" />
  <Object
    Path="C:\Users\PC\Desktop\PIL_PLC\GIT\JS\Logical\MATLAB_includes\R2019b\engine.h"
    LogicalPath="MATLAB_includes.R2019b.engine.h"
    Type="File"
    LastWriteTime="132174985040000000"
    Private="false" />
  <Object
    Path="C:\Users\PC\Desktop\PIL_PLC\GIT\JS\Logical\MATLAB_includes\R2019b\ext_share.h"
    LogicalPath="MATLAB_includes.R2019b.ext_share.h"
    Type="File"
    LastWriteTime="132174985040000000"
    Private="false" />
  <Object
    Path="C:\Users\PC\Desktop\PIL_PLC\GIT\JS\Logical\MATLAB_includes\R2019b\ext_svr.h"
    LogicalPath="MATLAB_includes.R2019b.ext_svr.h"
    Type="File"
    LastWriteTime="132174985040000000"
    Private="false" />
  <Object
    Path="C:\Users\PC\Desktop\PIL_PLC\GIT\JS\Logical\MATLAB_includes\R2019b\ext_svr_transport.h"
    LogicalPath="MATLAB_includes.R2019b.ext_svr_transport.h"
    Type="File"
    LastWriteTime="132174985040000000"
    Private="false" />
  <Object
    Path="C:\Users\PC\Desktop\PIL_PLC\GIT\JS\Logical\MATLAB_includes\R2019b\ext_test.h"
    LogicalPath="MATLAB_includes.R2019b.ext_test.h"
    Type="File"
    LastWriteTime="132174985040000000"
    Private="false" />
  <Object
    Path="C:\Users\PC\Desktop\PIL_PLC\GIT\JS\Logical\MATLAB_includes\R2019b\ext_types.h"
    LogicalPath="MATLAB_includes.R2019b.ext_types.h"
    Type="File"
    LastWriteTime="132174985040000000"
    Private="false" />
  <Object
    Path="C:\Users\PC\Desktop\PIL_PLC\GIT\JS\Logical\MATLAB_includes\R2019b\ext_work.h"
    LogicalPath="MATLAB_includes.R2019b.ext_work.h"
    Type="File"
    LastWriteTime="132174985040000000"
    Private="false" />
  <Object
    Path="C:\Users\PC\Desktop\PIL_PLC\GIT\JS\Logical\MATLAB_includes\R2019b\fintrf.h"
    LogicalPath="MATLAB_includes.R2019b.fintrf.h"
    Type="File"
    LastWriteTime="132174985040000000"
    Private="false" />
  <Object
    Path="C:\Users\PC\Desktop\PIL_PLC\GIT\JS\Logical\MATLAB_includes\R2019b\fixedpoint.h"
    LogicalPath="MATLAB_includes.R2019b.fixedpoint.h"
    Type="File"
    LastWriteTime="132174985040000000"
    Private="false" />
  <Object
    Path="C:\Users\PC\Desktop\PIL_PLC\GIT\JS\Logical\MATLAB_includes\R2019b\fixpoint_spec.h"
    LogicalPath="MATLAB_includes.R2019b.fixpoint_spec.h"
    Type="File"
    LastWriteTime="132174985040000000"
    Private="false" />
  <Object
    Path="C:\Users\PC\Desktop\PIL_PLC\GIT\JS\Logical\MATLAB_includes\R2019b\io64.h"
    LogicalPath="MATLAB_includes.R2019b.io64.h"
    Type="File"
    LastWriteTime="132174985040000000"
    Private="false" />
  <Object
    Path="C:\Users\PC\Desktop\PIL_PLC\GIT\JS\Logical\MATLAB_includes\R2019b\lapack.h"
    LogicalPath="MATLAB_includes.R2019b.lapack.h"
    Type="File"
    LastWriteTime="132174985040000000"
    Private="false" />
  <Object
    Path="C:\Users\PC\Desktop\PIL_PLC\GIT\JS\Logical\MATLAB_includes\R2019b\lapacke.h"
    LogicalPath="MATLAB_includes.R2019b.lapacke.h"
    Type="File"
    LastWriteTime="132174985040000000"
    Private="false" />
  <Object
    Path="C:\Users\PC\Desktop\PIL_PLC\GIT\JS\Logical\MATLAB_includes\R2019b\lapacke_config.h"
    LogicalPath="MATLAB_includes.R2019b.lapacke_config.h"
    Type="File"
    LastWriteTime="132174985040000000"
    Private="false" />
  <Object
    Path="C:\Users\PC\Desktop\PIL_PLC\GIT\JS\Logical\MATLAB_includes\R2019b\libmwjpegreader.h"
    LogicalPath="MATLAB_includes.R2019b.libmwjpegreader.h"
    Type="File"
    LastWriteTime="132174985040000000"
    Private="false" />
  <Object
    Path="C:\Users\PC\Desktop\PIL_PLC\GIT\JS\Logical\MATLAB_includes\R2019b\libmwrgb2gray_tbb.h"
    LogicalPath="MATLAB_includes.R2019b.libmwrgb2gray_tbb.h"
    Type="File"
    LastWriteTime="132174985040000000"
    Private="false" />
  <Object
    Path="C:\Users\PC\Desktop\PIL_PLC\GIT\JS\Logical\MATLAB_includes\R2019b\libmwrgb2hsv_tbb.h"
    LogicalPath="MATLAB_includes.R2019b.libmwrgb2hsv_tbb.h"
    Type="File"
    LastWriteTime="132174985040000000"
    Private="false" />
  <Object
    Path="C:\Users\PC\Desktop\PIL_PLC\GIT\JS\Logical\MATLAB_includes\R2019b\mat.h"
    LogicalPath="MATLAB_includes.R2019b.mat.h"
    Type="File"
    LastWriteTime="132174985040000000"
    Private="false" />
  <Object
    Path="C:\Users\PC\Desktop\PIL_PLC\GIT\JS\Logical\MATLAB_includes\R2019b\matrix.h"
    LogicalPath="MATLAB_includes.R2019b.matrix.h"
    Type="File"
    LastWriteTime="132174985040000000"
    Private="false" />
  <Object
    Path="C:\Users\PC\Desktop\PIL_PLC\GIT\JS\Logical\MATLAB_includes\R2019b\mdl_info.h"
    LogicalPath="MATLAB_includes.R2019b.mdl_info.h"
    Type="File"
    LastWriteTime="132174985040000000"
    Private="false" />
  <Object
    Path="C:\Users\PC\Desktop\PIL_PLC\GIT\JS\Logical\MATLAB_includes\R2019b\mem_mgr.h"
    LogicalPath="MATLAB_includes.R2019b.mem_mgr.h"
    Type="File"
    LastWriteTime="132174985040000000"
    Private="false" />
  <Object
    Path="C:\Users\PC\Desktop\PIL_PLC\GIT\JS\Logical\MATLAB_includes\R2019b\mex.h"
    LogicalPath="MATLAB_includes.R2019b.mex.h"
    Type="File"
    LastWriteTime="132174985040000000"
    Private="false" />
  <Object
    Path="C:\Users\PC\Desktop\PIL_PLC\GIT\JS\Logical\MATLAB_includes\R2019b\mwmathutil.h"
    LogicalPath="MATLAB_includes.R2019b.mwmathutil.h"
    Type="File"
    LastWriteTime="132174985040000000"
    Private="false" />
  <Object
    Path="C:\Users\PC\Desktop\PIL_PLC\GIT\JS\Logical\MATLAB_includes\R2019b\odesup.h"
    LogicalPath="MATLAB_includes.R2019b.odesup.h"
    Type="File"
    LastWriteTime="132174985040000000"
    Private="false" />
  <Object
    Path="C:\Users\PC\Desktop\PIL_PLC\GIT\JS\Logical\MATLAB_includes\R2019b\polygonBoolean.h"
    LogicalPath="MATLAB_includes.R2019b.polygonBoolean.h"
    Type="File"
    LastWriteTime="132174985040000000"
    Private="false" />
  <Object
    Path="C:\Users\PC\Desktop\PIL_PLC\GIT\JS\Logical\MATLAB_includes\R2019b\pt_info.h"
    LogicalPath="MATLAB_includes.R2019b.pt_info.h"
    Type="File"
    LastWriteTime="132174985040000000"
    Private="false" />
  <Object
    Path="C:\Users\PC\Desktop\PIL_PLC\GIT\JS\Logical\MATLAB_includes\R2019b\rt_logging.h"
    LogicalPath="MATLAB_includes.R2019b.rt_logging.h"
    Type="File"
    LastWriteTime="132174985040000000"
    Private="false" />
  <Object
    Path="C:\Users\PC\Desktop\PIL_PLC\GIT\JS\Logical\MATLAB_includes\R2019b\rt_logging_mmi.h"
    LogicalPath="MATLAB_includes.R2019b.rt_logging_mmi.h"
    Type="File"
    LastWriteTime="132174985040000000"
    Private="false" />
  <Object
    Path="C:\Users\PC\Desktop\PIL_PLC\GIT\JS\Logical\MATLAB_includes\R2019b\rt_math.h"
    LogicalPath="MATLAB_includes.R2019b.rt_math.h"
    Type="File"
    LastWriteTime="132174985040000000"
    Private="false" />
  <Object
    Path="C:\Users\PC\Desktop\PIL_PLC\GIT\JS\Logical\MATLAB_includes\R2019b\rt_matrx.h"
    LogicalPath="MATLAB_includes.R2019b.rt_matrx.h"
    Type="File"
    LastWriteTime="132174985040000000"
    Private="false" />
  <Object
    Path="C:\Users\PC\Desktop\PIL_PLC\GIT\JS\Logical\MATLAB_includes\R2019b\rt_mxclassid.h"
    LogicalPath="MATLAB_includes.R2019b.rt_mxclassid.h"
    Type="File"
    LastWriteTime="132174985040000000"
    Private="false" />
  <Object
    Path="C:\Users\PC\Desktop\PIL_PLC\GIT\JS\Logical\MATLAB_includes\R2019b\rt_sim.h"
    LogicalPath="MATLAB_includes.R2019b.rt_sim.h"
    Type="File"
    LastWriteTime="132174985040000000"
    Private="false" />
  <Object
    Path="C:\Users\PC\Desktop\PIL_PLC\GIT\JS\Logical\MATLAB_includes\R2019b\rtiostream.h"
    LogicalPath="MATLAB_includes.R2019b.rtiostream.h"
    Type="File"
    LastWriteTime="132174985040000000"
    Private="false" />
  <Object
    Path="C:\Users\PC\Desktop\PIL_PLC\GIT\JS\Logical\MATLAB_includes\R2019b\rtmcmacros.h"
    LogicalPath="MATLAB_includes.R2019b.rtmcmacros.h"
    Type="File"
    LastWriteTime="132174985040000000"
    Private="false" />
  <Object
    Path="C:\Users\PC\Desktop\PIL_PLC\GIT\JS\Logical\MATLAB_includes\R2019b\rtmmacros.h"
    LogicalPath="MATLAB_includes.R2019b.rtmmacros.h"
    Type="File"
    LastWriteTime="132174985040000000"
    Private="false" />
  <Object
    Path="C:\Users\PC\Desktop\PIL_PLC\GIT\JS\Logical\MATLAB_includes\R2019b\rtsplntypes.h"
    LogicalPath="MATLAB_includes.R2019b.rtsplntypes.h"
    Type="File"
    LastWriteTime="132174985040000000"
    Private="false" />
  <Object
    Path="C:\Users\PC\Desktop\PIL_PLC\GIT\JS\Logical\MATLAB_includes\R2019b\rtw_capi.h"
    LogicalPath="MATLAB_includes.R2019b.rtw_capi.h"
    Type="File"
    LastWriteTime="132174985040000000"
    Private="false" />
  <Object
    Path="C:\Users\PC\Desktop\PIL_PLC\GIT\JS\Logical\MATLAB_includes\R2019b\rtw_capi_examples.h"
    LogicalPath="MATLAB_includes.R2019b.rtw_capi_examples.h"
    Type="File"
    LastWriteTime="132174985040000000"
    Private="false" />
  <Object
    Path="C:\Users\PC\Desktop\PIL_PLC\GIT\JS\Logical\MATLAB_includes\R2019b\rtw_continuous.h"
    LogicalPath="MATLAB_includes.R2019b.rtw_continuous.h"
    Type="File"
    LastWriteTime="132174985040000000"
    Private="false" />
  <Object
    Path="C:\Users\PC\Desktop\PIL_PLC\GIT\JS\Logical\MATLAB_includes\R2019b\rtw_extmode.h"
    LogicalPath="MATLAB_includes.R2019b.rtw_extmode.h"
    Type="File"
    LastWriteTime="132174985040000000"
    Private="false" />
  <Object
    Path="C:\Users\PC\Desktop\PIL_PLC\GIT\JS\Logical\MATLAB_includes\R2019b\rtw_linux.h"
    LogicalPath="MATLAB_includes.R2019b.rtw_linux.h"
    Type="File"
    LastWriteTime="132174985040000000"
    Private="false" />
  <Object
    Path="C:\Users\PC\Desktop\PIL_PLC\GIT\JS\Logical\MATLAB_includes\R2019b\rtw_linux_mac.h"
    LogicalPath="MATLAB_includes.R2019b.rtw_linux_mac.h"
    Type="File"
    LastWriteTime="132174985040000000"
    Private="false" />
  <Object
    Path="C:\Users\PC\Desktop\PIL_PLC\GIT\JS\Logical\MATLAB_includes\R2019b\rtw_matlogging.h"
    LogicalPath="MATLAB_includes.R2019b.rtw_matlogging.h"
    Type="File"
    LastWriteTime="132174985040000000"
    Private="false" />
  <Object
    Path="C:\Users\PC\Desktop\PIL_PLC\GIT\JS\Logical\MATLAB_includes\R2019b\rtw_modelmap.h"
    LogicalPath="MATLAB_includes.R2019b.rtw_modelmap.h"
    Type="File"
    LastWriteTime="132174985040000000"
    Private="false" />
  <Object
    Path="C:\Users\PC\Desktop\PIL_PLC\GIT\JS\Logical\MATLAB_includes\R2019b\rtw_modelmap_logging.h"
    LogicalPath="MATLAB_includes.R2019b.rtw_modelmap_logging.h"
    Type="File"
    LastWriteTime="132174985040000000"
    Private="false" />
  <Object
    Path="C:\Users\PC\Desktop\PIL_PLC\GIT\JS\Logical\MATLAB_includes\R2019b\rtw_msvc_lshift.h"
    LogicalPath="MATLAB_includes.R2019b.rtw_msvc_lshift.h"
    Type="File"
    LastWriteTime="132174985040000000"
    Private="false" />
  <Object
    Path="C:\Users\PC\Desktop\PIL_PLC\GIT\JS\Logical\MATLAB_includes\R2019b\rtw_solver.h"
    LogicalPath="MATLAB_includes.R2019b.rtw_solver.h"
    Type="File"
    LastWriteTime="132174985040000000"
    Private="false" />
  <Object
    Path="C:\Users\PC\Desktop\PIL_PLC\GIT\JS\Logical\MATLAB_includes\R2019b\rtw_windows.h"
    LogicalPath="MATLAB_includes.R2019b.rtw_windows.h"
    Type="File"
    LastWriteTime="132174985040000000"
    Private="false" />
  <Object
    Path="C:\Users\PC\Desktop\PIL_PLC\GIT\JS\Logical\MATLAB_includes\R2019b\sfcn_bridge.h"
    LogicalPath="MATLAB_includes.R2019b.sfcn_bridge.h"
    Type="File"
    LastWriteTime="132174985040000000"
    Private="false" />
  <Object
    Path="C:\Users\PC\Desktop\PIL_PLC\GIT\JS\Logical\MATLAB_includes\R2019b\sfcn_loader_c_api.h"
    LogicalPath="MATLAB_includes.R2019b.sfcn_loader_c_api.h"
    Type="File"
    LastWriteTime="132174985040000000"
    Private="false" />
  <Object
    Path="C:\Users\PC\Desktop\PIL_PLC\GIT\JS\Logical\MATLAB_includes\R2019b\sfun_rtwcg.hpp"
    LogicalPath="MATLAB_includes.R2019b.sfun_rtwcg.hpp"
    Type="File"
    LastWriteTime="132174985040000000"
    Private="false" />
  <Object
    Path="C:\Users\PC\Desktop\PIL_PLC\GIT\JS\Logical\MATLAB_includes\R2019b\sigmapdef_sfcn.h"
    LogicalPath="MATLAB_includes.R2019b.sigmapdef_sfcn.h"
    Type="File"
    LastWriteTime="132174985040000000"
    Private="false" />
  <Object
    Path="C:\Users\PC\Desktop\PIL_PLC\GIT\JS\Logical\MATLAB_includes\R2019b\sigregdef.h"
    LogicalPath="MATLAB_includes.R2019b.sigregdef.h"
    Type="File"
    LastWriteTime="132174985040000000"
    Private="false" />
  <Object
    Path="C:\Users\PC\Desktop\PIL_PLC\GIT\JS\Logical\MATLAB_includes\R2019b\sigstream_rtw.h"
    LogicalPath="MATLAB_includes.R2019b.sigstream_rtw.h"
    Type="File"
    LastWriteTime="132174985040000000"
    Private="false" />
  <Object
    Path="C:\Users\PC\Desktop\PIL_PLC\GIT\JS\Logical\MATLAB_includes\R2019b\simlogCIntrf.h"
    LogicalPath="MATLAB_includes.R2019b.simlogCIntrf.h"
    Type="File"
    LastWriteTime="132174985040000000"
    Private="false" />
  <Object
    Path="C:\Users\PC\Desktop\PIL_PLC\GIT\JS\Logical\MATLAB_includes\R2019b\simstruc.h"
    LogicalPath="MATLAB_includes.R2019b.simstruc.h"
    Type="File"
    LastWriteTime="132174985040000000"
    Private="false" />
  <Object
    Path="C:\Users\PC\Desktop\PIL_PLC\GIT\JS\Logical\MATLAB_includes\R2019b\simstruc_compcond.h"
    LogicalPath="MATLAB_includes.R2019b.simstruc_compcond.h"
    Type="File"
    LastWriteTime="132174985040000000"
    Private="false" />
  <Object
    Path="C:\Users\PC\Desktop\PIL_PLC\GIT\JS\Logical\MATLAB_includes\R2019b\simstruc_debug.h"
    LogicalPath="MATLAB_includes.R2019b.simstruc_debug.h"
    Type="File"
    LastWriteTime="132174985040000000"
    Private="false" />
  <Object
    Path="C:\Users\PC\Desktop\PIL_PLC\GIT\JS\Logical\MATLAB_includes\R2019b\simstruc_def.h"
    LogicalPath="MATLAB_includes.R2019b.simstruc_def.h"
    Type="File"
    LastWriteTime="132174985040000000"
    Private="false" />
  <Object
    Path="C:\Users\PC\Desktop\PIL_PLC\GIT\JS\Logical\MATLAB_includes\R2019b\simstruc_internal.h"
    LogicalPath="MATLAB_includes.R2019b.simstruc_internal.h"
    Type="File"
    LastWriteTime="132174985040000000"
    Private="false" />
  <Object
    Path="C:\Users\PC\Desktop\PIL_PLC\GIT\JS\Logical\MATLAB_includes\R2019b\simstruc_types.h"
    LogicalPath="MATLAB_includes.R2019b.simstruc_types.h"
    Type="File"
    LastWriteTime="132174985040000000"
    Private="false" />
  <Object
    Path="C:\Users\PC\Desktop\PIL_PLC\GIT\JS\Logical\MATLAB_includes\R2019b\simulink.h"
    LogicalPath="MATLAB_includes.R2019b.simulink.h"
    Type="File"
    LastWriteTime="132174985040000000"
    Private="false" />
  <Object
    Path="C:\Users\PC\Desktop\PIL_PLC\GIT\JS\Logical\MATLAB_includes\R2019b\simulink2.h"
    LogicalPath="MATLAB_includes.R2019b.simulink2.h"
    Type="File"
    LastWriteTime="132174985040000000"
    Private="false" />
  <Object
    Path="C:\Users\PC\Desktop\PIL_PLC\GIT\JS\Logical\MATLAB_includes\R2019b\simulink_solver_api.h"
    LogicalPath="MATLAB_includes.R2019b.simulink_solver_api.h"
    Type="File"
    LastWriteTime="132174985040000000"
    Private="false" />
  <Object
    Path="C:\Users\PC\Desktop\PIL_PLC\GIT\JS\Logical\MATLAB_includes\R2019b\sl_common_types_def.h"
    LogicalPath="MATLAB_includes.R2019b.sl_common_types_def.h"
    Type="File"
    LastWriteTime="132174985040000000"
    Private="false" />
  <Object
    Path="C:\Users\PC\Desktop\PIL_PLC\GIT\JS\Logical\MATLAB_includes\R2019b\sl_datatype_access.h"
    LogicalPath="MATLAB_includes.R2019b.sl_datatype_access.h"
    Type="File"
    LastWriteTime="132174985040000000"
    Private="false" />
  <Object
    Path="C:\Users\PC\Desktop\PIL_PLC\GIT\JS\Logical\MATLAB_includes\R2019b\sl_fileio_rtw.h"
    LogicalPath="MATLAB_includes.R2019b.sl_fileio_rtw.h"
    Type="File"
    LastWriteTime="132174985040000000"
    Private="false" />
  <Object
    Path="C:\Users\PC\Desktop\PIL_PLC\GIT\JS\Logical\MATLAB_includes\R2019b\sl_fixpt.h"
    LogicalPath="MATLAB_includes.R2019b.sl_fixpt.h"
    Type="File"
    LastWriteTime="132174985040000000"
    Private="false" />
  <Object
    Path="C:\Users\PC\Desktop\PIL_PLC\GIT\JS\Logical\MATLAB_includes\R2019b\sl_prodhwdevicetype.h"
    LogicalPath="MATLAB_includes.R2019b.sl_prodhwdevicetype.h"
    Type="File"
    LastWriteTime="132174985040000000"
    Private="false" />
  <Object
    Path="C:\Users\PC\Desktop\PIL_PLC\GIT\JS\Logical\MATLAB_includes\R2019b\sl_report_types.h"
    LogicalPath="MATLAB_includes.R2019b.sl_report_types.h"
    Type="File"
    LastWriteTime="132174985040000000"
    Private="false" />
  <Object
    Path="C:\Users\PC\Desktop\PIL_PLC\GIT\JS\Logical\MATLAB_includes\R2019b\sl_sample_time_defs.h"
    LogicalPath="MATLAB_includes.R2019b.sl_sample_time_defs.h"
    Type="File"
    LastWriteTime="132174985040000000"
    Private="false" />
  <Object
    Path="C:\Users\PC\Desktop\PIL_PLC\GIT\JS\Logical\MATLAB_includes\R2019b\sl_sfcn_st_api.h"
    LogicalPath="MATLAB_includes.R2019b.sl_sfcn_st_api.h"
    Type="File"
    LastWriteTime="132174985040000000"
    Private="false" />
  <Object
    Path="C:\Users\PC\Desktop\PIL_PLC\GIT\JS\Logical\MATLAB_includes\R2019b\sl_solver_rtw.h"
    LogicalPath="MATLAB_includes.R2019b.sl_solver_rtw.h"
    Type="File"
    LastWriteTime="132174985040000000"
    Private="false" />
  <Object
    Path="C:\Users\PC\Desktop\PIL_PLC\GIT\JS\Logical\MATLAB_includes\R2019b\sl_types_def.h"
    LogicalPath="MATLAB_includes.R2019b.sl_types_def.h"
    Type="File"
    LastWriteTime="132174985040000000"
    Private="false" />
  <Object
    Path="C:\Users\PC\Desktop\PIL_PLC\GIT\JS\Logical\MATLAB_includes\R2019b\slexec_block_runtime_service.h"
    LogicalPath="MATLAB_includes.R2019b.slexec_block_runtime_service.h"
    Type="File"
    LastWriteTime="132174985040000000"
    Private="false" />
  <Object
    Path="C:\Users\PC\Desktop\PIL_PLC\GIT\JS\Logical\MATLAB_includes\R2019b\slexec_parallel.h"
    LogicalPath="MATLAB_includes.R2019b.slexec_parallel.h"
    Type="File"
    LastWriteTime="132174985040000000"
    Private="false" />
  <Object
    Path="C:\Users\PC\Desktop\PIL_PLC\GIT\JS\Logical\MATLAB_includes\R2019b\slexec_simbridge.h"
    LogicalPath="MATLAB_includes.R2019b.slexec_simbridge.h"
    Type="File"
    LastWriteTime="132174985040000000"
    Private="false" />
  <Object
    Path="C:\Users\PC\Desktop\PIL_PLC\GIT\JS\Logical\MATLAB_includes\R2019b\slexec_simstruct_bridge.h"
    LogicalPath="MATLAB_includes.R2019b.slexec_simstruct_bridge.h"
    Type="File"
    LastWriteTime="132174985040000000"
    Private="false" />
  <Object
    Path="C:\Users\PC\Desktop\PIL_PLC\GIT\JS\Logical\MATLAB_includes\R2019b\slexec_vm_lookup_functions.h"
    LogicalPath="MATLAB_includes.R2019b.slexec_vm_lookup_functions.h"
    Type="File"
    LastWriteTime="132174985040000000"
    Private="false" />
  <Object
    Path="C:\Users\PC\Desktop\PIL_PLC\GIT\JS\Logical\MATLAB_includes\R2019b\slexec_vm_rt_functions.h"
    LogicalPath="MATLAB_includes.R2019b.slexec_vm_rt_functions.h"
    Type="File"
    LastWriteTime="132174985040000000"
    Private="false" />
  <Object
    Path="C:\Users\PC\Desktop\PIL_PLC\GIT\JS\Logical\MATLAB_includes\R2019b\slexec_vm_simstruct_bridge.h"
    LogicalPath="MATLAB_includes.R2019b.slexec_vm_simstruct_bridge.h"
    Type="File"
    LastWriteTime="132174985040000000"
    Private="false" />
  <Object
    Path="C:\Users\PC\Desktop\PIL_PLC\GIT\JS\Logical\MATLAB_includes\R2019b\slexec_vm_zc_functions.h"
    LogicalPath="MATLAB_includes.R2019b.slexec_vm_zc_functions.h"
    Type="File"
    LastWriteTime="132174985040000000"
    Private="false" />
  <Object
    Path="C:\Users\PC\Desktop\PIL_PLC\GIT\JS\Logical\MATLAB_includes\R2019b\slsv_diagnostic_codegen_c_api.h"
    LogicalPath="MATLAB_includes.R2019b.slsv_diagnostic_codegen_c_api.h"
    Type="File"
    LastWriteTime="132174985040000000"
    Private="false" />
  <Object
    Path="C:\Users\PC\Desktop\PIL_PLC\GIT\JS\Logical\MATLAB_includes\R2019b\slsv_diagnostic_logger_type.h"
    LogicalPath="MATLAB_includes.R2019b.slsv_diagnostic_logger_type.h"
    Type="File"
    LastWriteTime="132174985040000000"
    Private="false" />
  <Object
    Path="C:\Users\PC\Desktop\PIL_PLC\GIT\JS\Logical\MATLAB_includes\R2019b\slsv_mexhelper.h"
    LogicalPath="MATLAB_includes.R2019b.slsv_mexhelper.h"
    Type="File"
    LastWriteTime="132174985040000000"
    Private="false" />
  <Object
    Path="C:\Users\PC\Desktop\PIL_PLC\GIT\JS\Logical\MATLAB_includes\R2019b\solver_zc.h"
    LogicalPath="MATLAB_includes.R2019b.solver_zc.h"
    Type="File"
    LastWriteTime="132174985040000000"
    Private="false" />
  <Object
    Path="C:\Users\PC\Desktop\PIL_PLC\GIT\JS\Logical\MATLAB_includes\R2019b\sysran_types.h"
    LogicalPath="MATLAB_includes.R2019b.sysran_types.h"
    Type="File"
    LastWriteTime="132174985040000000"
    Private="false" />
  <Object
    Path="C:\Users\PC\Desktop\PIL_PLC\GIT\JS\Logical\MATLAB_includes\R2019b\tmwtypes.h"
    LogicalPath="MATLAB_includes.R2019b.tmwtypes.h"
    Type="File"
    LastWriteTime="132174985040000000"
    Private="false" />
  <Object
    Path="C:\Users\PC\Desktop\PIL_PLC\GIT\JS\Logical\MATLAB_includes\R2019b\updown.h"
    LogicalPath="MATLAB_includes.R2019b.updown.h"
    Type="File"
    LastWriteTime="132174985040000000"
    Private="false" />
  <Object
    Path="C:\Users\PC\Desktop\PIL_PLC\GIT\JS\Logical\MATLAB_includes\R2019b\updown_util.h"
    LogicalPath="MATLAB_includes.R2019b.updown_util.h"
    Type="File"
    LastWriteTime="132174985040000000"
    Private="false" />
  <Object
    Path="C:\Users\PC\Desktop\PIL_PLC\GIT\JS\Logical\MATLAB_includes\R2019b\upsup_public.h"
    LogicalPath="MATLAB_includes.R2019b.upsup_public.h"
    Type="File"
    LastWriteTime="132174985040000000"
    Private="false" />
  <Object
    Path="C:\Users\PC\Desktop\PIL_PLC\GIT\JS\Logical\MATLAB_includes\R2019b\sf_runtime\Package.pkg"
    LogicalPath="MATLAB_includes.R2019b.sf_runtime"
    Type="Package"
    LastWriteTime="132174985040000000" />
  <Object
    Path="C:\Users\PC\Desktop\PIL_PLC\GIT\JS\Logical\MATLAB_includes\R2019b\sf_runtime\MessageServiceLayer.h"
    LogicalPath="MATLAB_includes.R2019b.sf_runtime.MessageServiceLayer.h"
    Type="File"
    LastWriteTime="132174985040000000"
    Private="false" />
  <Object
    Path="C:\Users\PC\Desktop\PIL_PLC\GIT\JS\Logical\MATLAB_includes\R2019b\sf_runtime\sf_runtime_errors.h"
    LogicalPath="MATLAB_includes.R2019b.sf_runtime.sf_runtime_errors.h"
    Type="File"
    LastWriteTime="132174985040000000"
    Private="false" />
  <Object
    Path="C:\Users\PC\Desktop\PIL_PLC\GIT\JS\Logical\MATLAB_includes\R2019b\sf_runtime\sf_runtime_spec.h"
    LogicalPath="MATLAB_includes.R2019b.sf_runtime.sf_runtime_spec.h"
    Type="File"
    LastWriteTime="132174985040000000"
    Private="false" />
  <Object
    Path="C:\Users\PC\Desktop\PIL_PLC\GIT\JS\Logical\MATLAB_includes\R2019b\sf_runtime\sf_runtime_types.h"
    LogicalPath="MATLAB_includes.R2019b.sf_runtime.sf_runtime_types.h"
    Type="File"
    LastWriteTime="132174985040000000"
    Private="false" />
  <Object
    Path="C:\Users\PC\Desktop\PIL_PLC\GIT\JS\Logical\MATLAB_includes\R2019b\sf_runtime\sf_test_language.h"
    LogicalPath="MATLAB_includes.R2019b.sf_runtime.sf_test_language.h"
    Type="File"
    LastWriteTime="132174985040000000"
    Private="false" />
  <Object
    Path="C:\Users\PC\Desktop\PIL_PLC\GIT\JS\Logical\MATLAB_includes\R2019b\sf_runtime\sfc_api.h"
    LogicalPath="MATLAB_includes.R2019b.sf_runtime.sfc_api.h"
    Type="File"
    LastWriteTime="132174985040000000"
    Private="false" />
  <Object
    Path="C:\Users\PC\Desktop\PIL_PLC\GIT\JS\Logical\MATLAB_includes\R2019b\sf_runtime\sfc_messages.h"
    LogicalPath="MATLAB_includes.R2019b.sf_runtime.sfc_messages.h"
    Type="File"
    LastWriteTime="132174985040000000"
    Private="false" />
  <Object
    Path="C:\Users\PC\Desktop\PIL_PLC\GIT\JS\Logical\MATLAB_includes\R2019b\sf_runtime\sfc_mex.h"
    LogicalPath="MATLAB_includes.R2019b.sf_runtime.sfc_mex.h"
    Type="File"
    LastWriteTime="132174985040000000"
    Private="false" />
  <Object
    Path="C:\Users\PC\Desktop\PIL_PLC\GIT\JS\Logical\MATLAB_includes\R2019b\sf_runtime\sfc_sdi.h"
    LogicalPath="MATLAB_includes.R2019b.sf_runtime.sfc_sdi.h"
    Type="File"
    LastWriteTime="132174985040000000"
    Private="false" />
  <Object
    Path="C:\Users\PC\Desktop\PIL_PLC\GIT\JS\Logical\MATLAB_includes\R2019b\sf_runtime\sfc_sf.h"
    LogicalPath="MATLAB_includes.R2019b.sf_runtime.sfc_sf.h"
    Type="File"
    LastWriteTime="132174985040000000"
    Private="false" />
  <Object
    Path="C:\Users\PC\Desktop\PIL_PLC\GIT\JS\Logical\MATLAB_includes\R2019b\sf_runtime\sfcdebug.h"
    LogicalPath="MATLAB_includes.R2019b.sf_runtime.sfcdebug.h"
    Type="File"
    LastWriteTime="132174985040000000"
    Private="false" />
  <Object
    Path="C:\Users\PC\Desktop\PIL_PLC\GIT\JS\Logical\MATLAB_includes\R2019b\sf_runtime\slTestResult.h"
    LogicalPath="MATLAB_includes.R2019b.sf_runtime.slTestResult.h"
    Type="File"
    LastWriteTime="132174985040000000"
    Private="false" />
  <Object
    Path="C:\Users\PC\Desktop\PIL_PLC\GIT\JS\Logical\MATLAB_includes\R2019b\sf_runtime\slTestTypes.h"
    LogicalPath="MATLAB_includes.R2019b.sf_runtime.slTestTypes.h"
    Type="File"
    LastWriteTime="132174985040000000"
    Private="false" />
  <Object
    Path="C:\Users\PC\Desktop\PIL_PLC\GIT\JS\Logical\MATLAB_includes\R2019b\sf_runtime\utils.h"
    LogicalPath="MATLAB_includes.R2019b.sf_runtime.utils.h"
    Type="File"
    LastWriteTime="132174985040000000"
    Private="false" />
  <Object
    Path="C:\Users\PC\Desktop\PIL_PLC\GIT\JS\Logical\MATLAB_includes\R2019b\sf_runtime\ChartInfoStruct.h"
    LogicalPath="MATLAB_includes.R2019b.sf_runtime.ChartInfoStruct.h"
    Type="File"
    LastWriteTime="132174985040000000"
    Private="false" />
  <Object
    Path="C:\Users\PC\Desktop\PIL_PLC\GIT\JS\Logical\MATLAB_includes\R2019b\sf_runtime\DebuggerRuntimeInterface.h"
    LogicalPath="MATLAB_includes.R2019b.sf_runtime.DebuggerRuntimeInterface.h"
    Type="File"
    LastWriteTime="132174985040000000"
    Private="false" />
  <Object
    Path="C:\Users\PC\Desktop\PIL_PLC\GIT\JS\Logical\Model\Package.pkg"
    LogicalPath="Model"
    Type="Package"
    LastWriteTime="132984570700019166" />
  <Object
    Path="C:\Users\PC\Desktop\PIL_PLC\GIT\JS\Logical\Model\pend_mod\ANSIC.prg"
    LogicalPath="Model.pend_mod"
    Type="Program"
    LastWriteTime="132984570695488141" />
  <Object
    Path="C:\Users\PC\Desktop\PIL_PLC\GIT\JS\Logical\Model\pend_mod\global.txt"
    LogicalPath="Model.pend_mod.global.txt"
    Type="File"
    LastWriteTime="132984570673005921"
    Private="false" />
  <Object
    Path="C:\Users\PC\Desktop\PIL_PLC\GIT\JS\Logical\Model\pend_mod\local.typ"
    LogicalPath="Model.pend_mod.local.typ"
    Type="File"
    LastWriteTime="132984570673235975"
    Private="true" />
  <Object
    Path="C:\Users\PC\Desktop\PIL_PLC\GIT\JS\Logical\Model\pend_mod\local.var"
    LogicalPath="Model.pend_mod.local.var"
    Type="File"
    LastWriteTime="132984570672965918"
    Private="true" />
  <Object
    Path="C:\Users\PC\Desktop\PIL_PLC\GIT\JS\Logical\Model\pend_mod\pend_mod.c"
    LogicalPath="Model.pend_mod.pend_mod.c"
    Type="File"
    LastWriteTime="132990754435706277"
    Private="false" />
  <Object
    Path="C:\Users\PC\Desktop\PIL_PLC\GIT\JS\Logical\Model\pend_mod\pend_mod_nlin.c"
    LogicalPath="Model.pend_mod.pend_mod_nlin.c"
    Type="File"
    LastWriteTime="132984570692236715"
    Private="false" />
  <Object
    Path="C:\Users\PC\Desktop\PIL_PLC\GIT\JS\Logical\Model\pend_mod\pend_mod_nlin.h"
    LogicalPath="Model.pend_mod.pend_mod_nlin.h"
    Type="File"
    LastWriteTime="132984570692675088"
    Private="false" />
  <Object
    Path="C:\Users\PC\Desktop\PIL_PLC\GIT\JS\Logical\Model\pend_mod\pend_mod_nlin_private.h"
    LogicalPath="Model.pend_mod.pend_mod_nlin_private.h"
    Type="File"
    LastWriteTime="132984570692006666"
    Private="false" />
  <Object
    Path="C:\Users\PC\Desktop\PIL_PLC\GIT\JS\Logical\Model\pend_mod\pend_mod_nlin_types.h"
    LogicalPath="Model.pend_mod.pend_mod_nlin_types.h"
    Type="File"
    LastWriteTime="132984570693217642"
    Private="false" />
  <Object
    Path="C:\Users\PC\Desktop\PIL_PLC\GIT\JS\Logical\Model\pend_mod\rtwtypes.h"
    LogicalPath="Model.pend_mod.rtwtypes.h"
    Type="File"
    LastWriteTime="132984570693357662"
    Private="false" />
  <Object
    Path="C:\Users\PC\Desktop\PIL_PLC\GIT\JS\Logical\Model\pend_mod\task_properties.txt"
    LogicalPath="Model.pend_mod.task_properties.txt"
    Type="File"
    LastWriteTime="132984570691674556"
    Private="false" />
  <Object
    Path="C:\Users\PC\Desktop\PIL_PLC\GIT\JS\Logical\Controller\Package.pkg"
    LogicalPath="Controller"
    Type="Package"
    LastWriteTime="132984571144579848" />
  <Object
    Path="C:\Users\PC\Desktop\PIL_PLC\GIT\JS\Logical\Controller\pend_ctrl\ANSIC.prg"
    LogicalPath="Controller.pend_ctrl"
    Type="Program"
    LastWriteTime="132984571141476767" />
  <Object
    Path="C:\Users\PC\Desktop\PIL_PLC\GIT\JS\Logical\Controller\pend_ctrl\local.typ"
    LogicalPath="Controller.pend_ctrl.local.typ"
    Type="File"
    LastWriteTime="132984571125898705"
    Private="true" />
  <Object
    Path="C:\Users\PC\Desktop\PIL_PLC\GIT\JS\Logical\Controller\pend_ctrl\local.var"
    LogicalPath="Controller.pend_ctrl.local.var"
    Type="File"
    LastWriteTime="132984571125608649"
    Private="true" />
  <Object
    Path="C:\Users\PC\Desktop\PIL_PLC\GIT\JS\Logical\Controller\pend_ctrl\pend_ctrl.c"
    LogicalPath="Controller.pend_ctrl.pend_ctrl.c"
    Type="File"
    LastWriteTime="132984571140285124"
    Private="false" />
  <Object
    Path="C:\Users\PC\Desktop\PIL_PLC\GIT\JS\Logical\Controller\pend_ctrl\pend_ctrl_lin.c"
    LogicalPath="Controller.pend_ctrl.pend_ctrl_lin.c"
    Type="File"
    LastWriteTime="132984571140195100"
    Private="false" />
  <Object
    Path="C:\Users\PC\Desktop\PIL_PLC\GIT\JS\Logical\Controller\pend_ctrl\pend_ctrl_lin.h"
    LogicalPath="Controller.pend_ctrl.pend_ctrl_lin.h"
    Type="File"
    LastWriteTime="132984571140355137"
    Private="false" />
  <Object
    Path="C:\Users\PC\Desktop\PIL_PLC\GIT\JS\Logical\Controller\pend_ctrl\pend_ctrl_lin_private.h"
    LogicalPath="Controller.pend_ctrl.pend_ctrl_lin_private.h"
    Type="File"
    LastWriteTime="132984571140105084"
    Private="false" />
  <Object
    Path="C:\Users\PC\Desktop\PIL_PLC\GIT\JS\Logical\Controller\pend_ctrl\pend_ctrl_lin_types.h"
    LogicalPath="Controller.pend_ctrl.pend_ctrl_lin_types.h"
    Type="File"
    LastWriteTime="132984571140515171"
    Private="false" />
  <Object
    Path="C:\Users\PC\Desktop\PIL_PLC\GIT\JS\Logical\Controller\pend_ctrl\rtwtypes.h"
    LogicalPath="Controller.pend_ctrl.rtwtypes.h"
    Type="File"
    LastWriteTime="132984571140595189"
    Private="false" />
  <Object
    Path="C:\Users\PC\Desktop\PIL_PLC\GIT\JS\Logical\Controller\pend_ctrl\task_properties.txt"
    LogicalPath="Controller.pend_ctrl.task_properties.txt"
    Type="File"
    LastWriteTime="132984571139995059"
    Private="false" />
  <Object
    Path="C:\Users\PC\Desktop\PIL_PLC\GIT\JS\Logical\Global.typ"
    LogicalPath="Global.typ"
    Type="File"
    LastWriteTime="132984571141006663"
    Private="false" />
  <Object
    Path="C:\Users\PC\Desktop\PIL_PLC\GIT\JS\Logical\Global.var"
    LogicalPath="Global.var"
    Type="File"
    LastWriteTime="132990754194677237"
    Private="false" />
  <Object
    Path="C:\Users\PC\Desktop\PIL_PLC\GIT\JS\Physical\PLC\Config.pkg"
    LogicalPath="PLC"
    Type="Configuration.ParentUnknown"
    LastWriteTime="132984534124814063" />
  <Object
    Path="C:\Users\PC\Desktop\PIL_PLC\GIT\JS\Physical\PLC\Hardware.hw"
    LogicalPath="PLC.Hardware.hw"
    Type="File"
    LastWriteTime="132998589192259028"
    Private="false" />
  <Object
    Path="C:\Users\PC\Desktop\PIL_PLC\GIT\JS\Physical\PLC\Hardware.hwl"
    LogicalPath="PLC.Hardware.hwl"
    Type="File"
    LastWriteTime="132998589238716260"
    Private="false" />
  <Object
    Path="C:\Users\PC\Desktop\PIL_PLC\GIT\JS\Physical\PLC\X20CP1586\Cpu.pkg"
    LogicalPath="PLC.X20CP1586"
    Type="Cpu"
    LastWriteTime="132992380006981056" />
  <Object
    Path="C:\Users\PC\Desktop\PIL_PLC\GIT\JS\Physical\PLC\X20CP1586\Cpu.sw"
    LogicalPath="PLC.X20CP1586.Cpu.sw"
    Type="File"
    LastWriteTime="132984571156934368"
    Private="false" />
  <Object
    Path="C:\Users\PC\Desktop\PIL_PLC\GIT\JS\Physical\PLC\X20CP1586\Cpu.per"
    LogicalPath="PLC.X20CP1586.Cpu.per"
    Type="File"
    LastWriteTime="132984534085950442"
    Private="false" />
  <Object
    Path="C:\Users\PC\Desktop\PIL_PLC\GIT\JS\Physical\PLC\X20CP1586\IoMap.iom"
    LogicalPath="PLC.X20CP1586.IoMap.iom"
    Type="File"
    LastWriteTime="132984534085950442"
    Private="false" />
  <Object
    Path="C:\Users\PC\Desktop\PIL_PLC\GIT\JS\Physical\PLC\X20CP1586\PvMap.vvm"
    LogicalPath="PLC.X20CP1586.PvMap.vvm"
    Type="File"
    LastWriteTime="132984534086106702"
    Private="false" />
  <Object
    Path="C:\Users\PC\Desktop\PIL_PLC\GIT\JS\Physical\PLC\X20CP1586\Connectivity\Package.pkg"
    LogicalPath="PLC.X20CP1586.Connectivity"
    Type="Package"
    LastWriteTime="132984534086262969" />
  <Object
    Path="C:\Users\PC\Desktop\PIL_PLC\GIT\JS\Physical\PLC\X20CP1586\Connectivity\OpcUA\Package.pkg"
    LogicalPath="PLC.X20CP1586.Connectivity.OpcUA"
    Type="Package"
    LastWriteTime="132984572898909751" />
  <Object
    Path="C:\Users\PC\Desktop\PIL_PLC\GIT\JS\Physical\PLC\X20CP1586\Connectivity\OpcUA\OpcUaMap.uad"
    LogicalPath="PLC.X20CP1586.Connectivity.OpcUA.OpcUaMap.uad"
    Type="File"
    LastWriteTime="132990754068360929"
    Private="false" />
  <Object
    Path="C:\Users\PC\Desktop\PIL_PLC\GIT\JS\Physical\PLC\X20CP1586\TextSystem\Package.pkg"
    LogicalPath="PLC.X20CP1586.TextSystem"
    Type="Package"
    LastWriteTime="132984534086419229" />
  <Object
    Path="C:\Users\PC\Desktop\PIL_PLC\GIT\JS\Physical\PLC\X20CP1586\UnitSystem\Package.pkg"
    LogicalPath="PLC.X20CP1586.UnitSystem"
    Type="Package"
    LastWriteTime="132984534086419229" />
  <Object
    Path="C:\Users\PC\Desktop\PIL_PLC\GIT\JS\Physical\PLC\X20CP1586\AccessAndSecurity\Package.pkg"
    LogicalPath="PLC.X20CP1586.AccessAndSecurity"
    Type="Package"
    LastWriteTime="132984534087109374" />
  <Object
    Path="C:\Users\PC\Desktop\PIL_PLC\GIT\JS\Physical\PLC\X20CP1586\AccessAndSecurity\UserRoleSystem\Package.pkg"
    LogicalPath="PLC.X20CP1586.AccessAndSecurity.UserRoleSystem"
    Type="Package"
    LastWriteTime="132984534086731743" />
  <Object
    Path="C:\Users\PC\Desktop\PIL_PLC\GIT\JS\Physical\PLC\X20CP1586\AccessAndSecurity\UserRoleSystem\Role.role"
    LogicalPath="PLC.X20CP1586.AccessAndSecurity.UserRoleSystem.Role.role"
    Type="File"
    LastWriteTime="132984534086575484"
    Private="false" />
  <Object
    Path="C:\Users\PC\Desktop\PIL_PLC\GIT\JS\Physical\PLC\X20CP1586\AccessAndSecurity\UserRoleSystem\User.user"
    LogicalPath="PLC.X20CP1586.AccessAndSecurity.UserRoleSystem.User.user"
    Type="File"
    LastWriteTime="132984534086731743"
    Private="false" />
  <Object
    Path="C:\Users\PC\Desktop\PIL_PLC\GIT\JS\Physical\PLC\X20CP1586\AccessAndSecurity\CertificateStore\Package.pkg"
    LogicalPath="PLC.X20CP1586.AccessAndSecurity.CertificateStore"
    Type="Package"
    LastWriteTime="132984534087109374" />
  <Object
    Path="C:\Users\PC\Desktop\PIL_PLC\GIT\JS\Physical\PLC\X20CP1586\AccessAndSecurity\CertificateStore\OwnCertificates\Package.pkg"
    LogicalPath="PLC.X20CP1586.AccessAndSecurity.CertificateStore.OwnCertificates"
    Type="Package"
    LastWriteTime="132984534086796810" />
  <Object
    Path="C:\Users\PC\Desktop\PIL_PLC\GIT\JS\Physical\PLC\X20CP1586\AccessAndSecurity\CertificateStore\OwnCertificates\Certificates\Package.pkg"
    LogicalPath="PLC.X20CP1586.AccessAndSecurity.CertificateStore.OwnCertificates.Certificates"
    Type="Package"
    LastWriteTime="132984534086796810" />
  <Object
    Path="C:\Users\PC\Desktop\PIL_PLC\GIT\JS\Physical\PLC\X20CP1586\AccessAndSecurity\CertificateStore\OwnCertificates\PrivateKeys\Package.pkg"
    LogicalPath="PLC.X20CP1586.AccessAndSecurity.CertificateStore.OwnCertificates.PrivateKeys"
    Type="Package"
    LastWriteTime="132984534086796810" />
  <Object
    Path="C:\Users\PC\Desktop\PIL_PLC\GIT\JS\Physical\PLC\X20CP1586\AccessAndSecurity\CertificateStore\ThirdPartyCertificates\Package.pkg"
    LogicalPath="PLC.X20CP1586.AccessAndSecurity.CertificateStore.ThirdPartyCertificates"
    Type="Package"
    LastWriteTime="132984534086953113" />
  <Object
    Path="C:\Users\PC\Desktop\PIL_PLC\GIT\JS\Physical\PLC\X20CP1586\AccessAndSecurity\CertificateStore\ThirdPartyCertificates\SoftwareCertificates\Package.pkg"
    LogicalPath="PLC.X20CP1586.AccessAndSecurity.CertificateStore.ThirdPartyCertificates.SoftwareCertificates"
    Type="Package"
    LastWriteTime="132984534086953113" />
  <Object
    Path="C:\Users\PC\Desktop\PIL_PLC\GIT\JS\Physical\PLC\X20CP1586\AccessAndSecurity\CertificateStore\CertificateRevocationLists\Package.pkg"
    LogicalPath="PLC.X20CP1586.AccessAndSecurity.CertificateStore.CertificateRevocationLists"
    Type="Package"
    LastWriteTime="132984534086953113" />
  <Object
    Path="C:\Users\PC\Desktop\PIL_PLC\GIT\JS\Physical\PLC\X20CP1586\AccessAndSecurity\CertificateStore\CertificateSigningRequests\Package.pkg"
    LogicalPath="PLC.X20CP1586.AccessAndSecurity.CertificateStore.CertificateSigningRequests"
    Type="Package"
    LastWriteTime="132984534087109374" />
  <Object
    Path="C:\Users\PC\Desktop\PIL_PLC\GIT\JS\Physical\PLC\X20CP1586\AccessAndSecurity\TransportLayerSecurity\Package.pkg"
    LogicalPath="PLC.X20CP1586.AccessAndSecurity.TransportLayerSecurity"
    Type="Package"
    LastWriteTime="132984534087109374" />
  <Object
    Path="C:\Users\PC\Desktop\PIL_PLC\GIT\JS\Physical\PLC\X20CP1586\mappControl\Package.pkg"
    LogicalPath="PLC.X20CP1586.mappControl"
    Type="Package"
    LastWriteTime="132984534087109374" />
  <Object
    Path="C:\Users\PC\Desktop\PIL_PLC\GIT\JS\Physical\PLC\X20CP1586\mappMotion\Package.pkg"
    LogicalPath="PLC.X20CP1586.mappMotion"
    Type="Package"
    LastWriteTime="132984534087265634" />
  <Object
    Path="C:\Users\PC\Desktop\PIL_PLC\GIT\JS\Physical\PLC\X20CP1586\mappServices\Package.pkg"
    LogicalPath="PLC.X20CP1586.mappServices"
    Type="Package"
    LastWriteTime="132984534087265634" />
  <Object
    Path="C:\Users\PC\Desktop\PIL_PLC\GIT\JS\Physical\PLC\X20CP1586\mappView\Package.pkg"
    LogicalPath="PLC.X20CP1586.mappView"
    Type="Package"
    LastWriteTime="132984534087421896" />
  <Object
    Path="C:\Users\PC\Desktop\PIL_PLC\GIT\JS\Physical\PLC\X20CP1586\mappCockpit\Package.pkg"
    LogicalPath="PLC.X20CP1586.mappCockpit"
    Type="Package"
    LastWriteTime="132984534087421896" />
  <Object
    Path="C:\Users\PC\Desktop\PIL_PLC\GIT\JS\Physical\PLC\Hardware.jpg"
    LogicalPath="PLC.Hardware.jpg"
    Type="File"
    LastWriteTime="132998705962163604"
    Private="false" />
</Objects>